Copyright 1986-2022 Xilinx, Inc. All Rights Reserved. Copyright 2022-2025 Advanced Micro Devices, Inc. All Rights Reserved.
---------------------------------------------------------------------------------------------------------------------------------------------
| Tool Version : Vivado v.2025.2 (lin64) Build 6299465 Fri Nov 14 12:34:56 MST 2025
| Date         : Tue Mar 31 00:17:44 2026
| Host         : npc running 64-bit Arch Linux
| Command      : report_control_sets -verbose -file minimal_wrapper_control_sets_placed.rpt
| Design       : minimal_wrapper
| Device       : xc7z010
---------------------------------------------------------------------------------------------------------------------------------------------

Control Set Information

Table of Contents
-----------------
1. Summary
2. Histogram
3. Flip-Flop Distribution
4. Detailed Control Set Information

1. Summary
----------

+----------------------------------------------------------+-------+
|                          Status                          | Count |
+----------------------------------------------------------+-------+
| Total control sets                                       |    23 |
|    Minimum number of control sets                        |    23 |
|    Addition due to synthesis replication                 |     0 |
|    Addition due to physical synthesis replication        |     0 |
| Unused register locations in slices containing registers |    43 |
+----------------------------------------------------------+-------+
* Control sets can be merged at opt_design using control_set_merge or merge_equivalent_drivers
** Run report_qor_suggestions for automated merging and remapping suggestions


2. Histogram
------------

+--------------------+-------+
|       Fanout       | Count |
+--------------------+-------+
| Total control sets |    23 |
| >= 0 to < 4        |     2 |
| >= 4 to < 6        |     1 |
| >= 6 to < 8        |     2 |
| >= 8 to < 10       |     2 |
| >= 10 to < 12      |     0 |
| >= 12 to < 14      |     1 |
| >= 14 to < 16      |     0 |
| >= 16              |    15 |
+--------------------+-------+
* Control sets can be remapped at either synth_design or opt_design


3. Flip-Flop Distribution
-------------------------

+--------------+-----------------------+------------------------+-----------------+--------------+
| Clock Enable | Synchronous Set/Reset | Asynchronous Set/Reset | Total Registers | Total Slices |
+--------------+-----------------------+------------------------+-----------------+--------------+
| No           | No                    | No                     |             113 |           32 |
| No           | No                    | Yes                    |               0 |            0 |
| No           | Yes                   | No                     |               0 |            0 |
| Yes          | No                    | No                     |             233 |           61 |
| Yes          | No                    | Yes                    |               0 |            0 |
| Yes          | Yes                   | No                     |              11 |            6 |
+--------------+-----------------------+------------------------+-----------------+--------------+


4. Detailed Control Set Information
-----------------------------------

+--------------------------------------------------------------------------------------------------------------------------------------------------------------+-------------------------------------------------------------------------------+---------------------------------------------------------------------------------+------------------+----------------+--------------+
|                                                                         Clock Signal                                                                         |                                 Enable Signal                                 |                                 Set/Reset Signal                                | Slice Load Count | Bel Load Count | Bels / Slice |
+--------------------------------------------------------------------------------------------------------------------------------------------------------------+-------------------------------------------------------------------------------+---------------------------------------------------------------------------------+------------------+----------------+--------------+
|  PL_CLK_50M_IBUF_BUFG                                                                                                                                        | minimal_i/tft_ili9341_wrapper_0/inst/inst/tft/spi/tft_reset2_out              |                                                                                 |                2 |              2 |         1.00 |
|  PL_CLK_50M_IBUF_BUFG                                                                                                                                        | minimal_i/tft_ili9341_wrapper_0/inst/inst/tft/spi/tft_sdi_i_1_n_0             |                                                                                 |                1 |              2 |         2.00 |
|  PL_CLK_50M_IBUF_BUFG                                                                                                                                        | minimal_i/tft_ili9341_wrapper_0/inst/inst/tft/spi/remainingDelayTicks_reg[10] | minimal_i/tft_ili9341_wrapper_0/inst/inst/tft/spi/state_reg[0]_2                |                2 |              5 |         2.50 |
|  PL_CLK_50M_IBUF_BUFG                                                                                                                                        | minimal_i/tft_ili9341_wrapper_0/inst/inst/tft/spi/remainingDelayTicks_reg[10] | minimal_i/tft_ili9341_wrapper_0/inst/inst/tft/spi/remainingDelayTicks_reg[10]_0 |                4 |              6 |         1.50 |
|  PL_CLK_50M_IBUF_BUFG                                                                                                                                        | minimal_i/tft_ili9341_wrapper_0/inst/inst/tft/spi/E[0]                        |                                                                                 |                1 |              6 |         6.00 |
|  PL_CLK_50M_IBUF_BUFG                                                                                                                                        | minimal_i/tft_ili9341_wrapper_0/inst/inst/tft/spi/state_reg[1][0]             |                                                                                 |                3 |              9 |         3.00 |
|  PL_CLK_50M_IBUF_BUFG                                                                                                                                        | minimal_i/tft_ili9341_wrapper_0/inst/inst/tft/spiDataSet                      |                                                                                 |                2 |              9 |         4.50 |
|  PL_CLK_50M_IBUF_BUFG                                                                                                                                        | minimal_i/tft_ili9341_wrapper_0/inst/inst/tft/spi/remainingDelayTicks_reg[10] |                                                                                 |                4 |             13 |         3.25 |
|  minimal_i/c_counter_binary_0/U0/i_synth/i_baseblox.i_baseblox_counter/the_addsub/no_pipelining.the_addsub/i_lut6.i_lut6_addsub/i_q.i_simple.qreg/Q_BUFG[19] | minimal_i/tft_ili9341_wrapper_0/inst/inst/ball2/sel                           |                                                                                 |                4 |             16 |         4.00 |
|  minimal_i/c_counter_binary_0/U0/i_synth/i_baseblox.i_baseblox_counter/the_addsub/no_pipelining.the_addsub/i_lut6.i_lut6_addsub/i_q.i_simple.qreg/Q_BUFG[19] | minimal_i/tft_ili9341_wrapper_0/inst/inst/ball1/vx0                           |                                                                                 |                4 |             16 |         4.00 |
|  minimal_i/c_counter_binary_0/U0/i_synth/i_baseblox.i_baseblox_counter/the_addsub/no_pipelining.the_addsub/i_lut6.i_lut6_addsub/i_q.i_simple.qreg/Q_BUFG[19] | minimal_i/tft_ili9341_wrapper_0/inst/inst/ball2/y[15]_i_1_n_0                 |                                                                                 |                4 |             16 |         4.00 |
|  minimal_i/c_counter_binary_0/U0/i_synth/i_baseblox.i_baseblox_counter/the_addsub/no_pipelining.the_addsub/i_lut6.i_lut6_addsub/i_q.i_simple.qreg/Q_BUFG[19] | minimal_i/tft_ili9341_wrapper_0/inst/inst/ball2/vx[15]_i_1_n_0                |                                                                                 |                4 |             16 |         4.00 |
|  minimal_i/c_counter_binary_0/U0/i_synth/i_baseblox.i_baseblox_counter/the_addsub/no_pipelining.the_addsub/i_lut6.i_lut6_addsub/i_q.i_simple.qreg/Q_BUFG[19] | minimal_i/tft_ili9341_wrapper_0/inst/inst/ball1/x[0]_i_1__2_n_0               |                                                                                 |                4 |             16 |         4.00 |
|  minimal_i/c_counter_binary_0/U0/i_synth/i_baseblox.i_baseblox_counter/the_addsub/no_pipelining.the_addsub/i_lut6.i_lut6_addsub/i_q.i_simple.qreg/Q_BUFG[19] | minimal_i/tft_ili9341_wrapper_0/inst/inst/ball1/y[15]_i_1__2_n_0              |                                                                                 |                4 |             16 |         4.00 |
|  minimal_i/c_counter_binary_0/U0/i_synth/i_baseblox.i_baseblox_counter/the_addsub/no_pipelining.the_addsub/i_lut6.i_lut6_addsub/i_q.i_simple.qreg/Q_BUFG[19] | minimal_i/tft_ili9341_wrapper_0/inst/inst/ball4/y[15]_i_1__1_n_0              |                                                                                 |                4 |             16 |         4.00 |
|  minimal_i/c_counter_binary_0/U0/i_synth/i_baseblox.i_baseblox_counter/the_addsub/no_pipelining.the_addsub/i_lut6.i_lut6_addsub/i_q.i_simple.qreg/Q_BUFG[19] | minimal_i/tft_ili9341_wrapper_0/inst/inst/ball4/x[0]_i_1__1_n_0               |                                                                                 |                4 |             16 |         4.00 |
|  minimal_i/c_counter_binary_0/U0/i_synth/i_baseblox.i_baseblox_counter/the_addsub/no_pipelining.the_addsub/i_lut6.i_lut6_addsub/i_q.i_simple.qreg/Q_BUFG[19] | minimal_i/tft_ili9341_wrapper_0/inst/inst/ball4/vx[15]_i_1__1_n_0             |                                                                                 |                4 |             16 |         4.00 |
|  minimal_i/c_counter_binary_0/U0/i_synth/i_baseblox.i_baseblox_counter/the_addsub/no_pipelining.the_addsub/i_lut6.i_lut6_addsub/i_q.i_simple.qreg/Q_BUFG[19] | minimal_i/tft_ili9341_wrapper_0/inst/inst/ball3/y[15]_i_1__0_n_0              |                                                                                 |                4 |             16 |         4.00 |
|  minimal_i/c_counter_binary_0/U0/i_synth/i_baseblox.i_baseblox_counter/the_addsub/no_pipelining.the_addsub/i_lut6.i_lut6_addsub/i_q.i_simple.qreg/Q_BUFG[19] | minimal_i/tft_ili9341_wrapper_0/inst/inst/ball3/x[0]_i_1__0_n_0               |                                                                                 |                4 |             16 |         4.00 |
|  minimal_i/c_counter_binary_0/U0/i_synth/i_baseblox.i_baseblox_counter/the_addsub/no_pipelining.the_addsub/i_lut6.i_lut6_addsub/i_q.i_simple.qreg/Q_BUFG[19] | minimal_i/tft_ili9341_wrapper_0/inst/inst/ball3/vx[15]_i_1__0_n_0             |                                                                                 |                4 |             16 |         4.00 |
| ~minimal_i/tft_ili9341_wrapper_0/inst/inst/tft/frameBufferLowNibble_reg_0                                                                                    |                                                                               |                                                                                 |                5 |             17 |         3.40 |
|  PL_CLK_50M_IBUF_BUFG                                                                                                                                        |                                                                               |                                                                                 |               11 |             32 |         2.91 |
|  minimal_i/c_counter_binary_0/U0/i_synth/i_baseblox.i_baseblox_counter/the_addsub/no_pipelining.the_addsub/i_lut6.i_lut6_addsub/i_q.i_simple.qreg/Q_BUFG[19] |                                                                               |                                                                                 |               16 |             64 |         4.00 |
+--------------------------------------------------------------------------------------------------------------------------------------------------------------+-------------------------------------------------------------------------------+---------------------------------------------------------------------------------+------------------+----------------+--------------+


