Copyright 1986-2022 Xilinx, Inc. All Rights Reserved. Copyright 2022-2025 Advanced Micro Devices, Inc. All Rights Reserved.
---------------------------------------------------------------------------------------------------------------------------------------------
| Tool Version : Vivado v.2025.2 (lin64) Build 6299465 Fri Nov 14 12:34:56 MST 2025
| Date         : Thu Apr 30 00:50:22 2026
| Host         : npc running 64-bit Arch Linux
| Command      : report_clock_utilization -file minimal_wrapper_clock_utilization_routed.rpt
| Design       : minimal_wrapper
| Device       : 7z010-clg400
| Speed File   : -1  PRODUCTION 1.12 2019-11-22
| Design State : Routed
---------------------------------------------------------------------------------------------------------------------------------------------

Clock Utilization Report

Table of Contents
-----------------
1. Clock Primitive Utilization
2. Global Clock Resources
3. Global Clock Source Details
4. Local Clock Details
5. Clock Regions: Key Resource Utilization
6. Clock Regions : Global Clock Summary
7. Device Cell Placement Summary for Global Clock g0
8. Device Cell Placement Summary for Global Clock g1
9. Device Cell Placement Summary for Global Clock g2
10. Device Cell Placement Summary for Global Clock g3
11. Device Cell Placement Summary for Global Clock g4
12. Device Cell Placement Summary for Global Clock g5
13. Device Cell Placement Summary for Global Clock g6
14. Device Cell Placement Summary for Global Clock g7
15. Device Cell Placement Summary for Global Clock g8
16. Clock Region Cell Placement per Global Clock: Region X0Y0
17. Clock Region Cell Placement per Global Clock: Region X1Y0
18. Clock Region Cell Placement per Global Clock: Region X0Y1
19. Clock Region Cell Placement per Global Clock: Region X1Y1

1. Clock Primitive Utilization
------------------------------

+----------+------+-----------+-----+--------------+--------+
| Type     | Used | Available | LOC | Clock Region | Pblock |
+----------+------+-----------+-----+--------------+--------+
| BUFGCTRL |    9 |        32 |   0 |            0 |      0 |
| BUFH     |    0 |        48 |   0 |            0 |      0 |
| BUFIO    |    0 |         8 |   0 |            0 |      0 |
| BUFMR    |    0 |         4 |   0 |            0 |      0 |
| BUFR     |    0 |         8 |   0 |            0 |      0 |
| MMCM     |    1 |         2 |   0 |            0 |      0 |
| PLL      |    0 |         2 |   0 |            0 |      0 |
+----------+------+-----------+-----+--------------+--------+


2. Global Clock Resources
-------------------------

+-----------+-----------+-----------------+------------+----------------+--------------+-------------------+-------------+-----------------+--------------+------------------------------+-------------------------------------------------------------------------------------+-----------------------------------------------------------+
| Global Id | Source Id | Driver Type/Pin | Constraint | Site           | Clock Region | Load Clock Region | Clock Loads | Non-Clock Loads | Clock Period | Clock                        | Driver Pin                                                                          | Net                                                       |
+-----------+-----------+-----------------+------------+----------------+--------------+-------------------+-------------+-----------------+--------------+------------------------------+-------------------------------------------------------------------------------------+-----------------------------------------------------------+
| g0        | src0      | BUFG/O          | None       | BUFGCTRL_X0Y0  | n/a          |                 4 |        2774 |               4 |       20.000 | clk_fpga_0                   | minimal_i/ps/processing_system7_0/inst/buffer_fclk_clk_0.FCLK_CLK_0_BUFG/O          | minimal_i/ps/processing_system7_0/inst/FCLK_CLK0          |
| g1        | src1      | BUFG/O          | None       | BUFGCTRL_X0Y1  | n/a          |                 2 |          95 |               1 |       40.000 | ETH_MII_tx_clk               | minimal_i/ps/axi_ethernetlite_0/U0/NO_LOOPBACK_GEN.INCLUDE_BUFG_GEN.CLOCK_BUFG_TX/O | minimal_i/ps/axi_ethernetlite_0/U0/phy_tx_clk_core        |
| g2        | src2      | BUFG/O          | None       | BUFGCTRL_X0Y16 | n/a          |                 1 |          90 |               0 |       40.000 | ETH_MII_rx_clk               | minimal_i/ps/axi_ethernetlite_0/U0/NO_LOOPBACK_GEN.INCLUDE_BUFG_GEN.CLOCK_BUFG_RX/O | minimal_i/ps/axi_ethernetlite_0/U0/dest_clk               |
| g3        | src0      | BUFG/O          | None       | BUFGCTRL_X0Y2  | n/a          |                 2 |          62 |               0 |       20.000 | clk_fpga_0                   | minimal_i/tft_ili9341_wrapper_0/n_0_13_BUFG_inst/O                                  | minimal_i/tft_ili9341_wrapper_0/n_0_13_BUFG               |
| g4        | src0      | BUFG/O          | None       | BUFGCTRL_X0Y3  | n/a          |                 1 |          62 |               0 |       20.000 | clk_fpga_0                   | minimal_i/tft_ili9341_wrapper_1/n_1_13_BUFG_inst/O                                  | minimal_i/tft_ili9341_wrapper_1/n_1_13_BUFG               |
| g5        | src0      | BUFG/O          | None       | BUFGCTRL_X0Y4  | n/a          |                 1 |          62 |               0 |       20.000 | clk_fpga_0                   | minimal_i/tft_ili9341_wrapper_2/n_2_13_BUFG_inst/O                                  | minimal_i/tft_ili9341_wrapper_2/n_2_13_BUFG               |
| g6        | src0      | BUFG/O          | None       | BUFGCTRL_X0Y5  | n/a          |                 2 |          62 |               0 |       20.000 | clk_fpga_0                   | minimal_i/tft_ili9341_wrapper_3/n_3_13_BUFG_inst/O                                  | minimal_i/tft_ili9341_wrapper_3/n_3_13_BUFG               |
| g7        | src3      | BUFG/O          | None       | BUFGCTRL_X0Y6  | n/a          |                 2 |          18 |               1 |      100.000 | clk_out1_minimal_clk_wiz_0_1 | minimal_i/clk_wiz_0/inst/clkout1_buf/O                                              | minimal_i/clk_wiz_0/inst/clk_out1                         |
| g8        | src4      | BUFG/O          | None       | BUFGCTRL_X0Y7  | n/a          |                 1 |           1 |               0 |       20.000 | clkfbout_minimal_clk_wiz_0_1 | minimal_i/clk_wiz_0/inst/clkf_buf/O                                                 | minimal_i/clk_wiz_0/inst/clkfbout_buf_minimal_clk_wiz_0_1 |
+-----------+-----------+-----------------+------------+----------------+--------------+-------------------+-------------+-----------------+--------------+------------------------------+-------------------------------------------------------------------------------------+-----------------------------------------------------------+
* Clock Loads column represents cell count of net connects that connect to a clock pin. Internal cell leaf pins are not considered
** Non-Clock Loads column represents cell count of non-clock pin loads


3. Global Clock Source Details
------------------------------

+-----------+-----------+---------------------+------------+-----------------+--------------+-------------+-----------------+---------------------+------------------------------+------------------------------------------------------------------------------------+--------------------------------------------------------------------------------------+
| Source Id | Global Id | Driver Type/Pin     | Constraint | Site            | Clock Region | Clock Loads | Non-Clock Loads | Source Clock Period | Source Clock                 | Driver Pin                                                                         | Net                                                                                  |
+-----------+-----------+---------------------+------------+-----------------+--------------+-------------+-----------------+---------------------+------------------------------+------------------------------------------------------------------------------------+--------------------------------------------------------------------------------------+
| src0      | g0        | PS7/FCLKCLK[0]      | PS7_X0Y0   | PS7_X0Y0        | X0Y1         |           1 |               0 |              20.000 | clk_fpga_0                   | minimal_i/ps/processing_system7_0/inst/PS7_i/FCLKCLK[0]                            | minimal_i/ps/processing_system7_0/inst/FCLK_CLK_unbuffered[0]                        |
| src0      | g3        | LUT2/O              | None       | SLICE_X23Y46    | X1Y0         |           1 |               0 |              20.000 | clk_fpga_0                   | minimal_i/tft_ili9341_wrapper_0/n_0_13_BUFG_inst_i_1/O                             | minimal_i/tft_ili9341_wrapper_0/n_0_13_BUFG_inst_n_1                                 |
| src0      | g4        | LUT2/O              | None       | SLICE_X22Y46    | X1Y0         |           1 |               0 |              20.000 | clk_fpga_0                   | minimal_i/tft_ili9341_wrapper_1/n_1_13_BUFG_inst_i_1/O                             | minimal_i/tft_ili9341_wrapper_1/n_1_13_BUFG_inst_n_2                                 |
| src0      | g5        | LUT2/O              | None       | SLICE_X22Y46    | X1Y0         |           1 |               0 |              20.000 | clk_fpga_0                   | minimal_i/tft_ili9341_wrapper_2/n_2_13_BUFG_inst_i_1/O                             | minimal_i/tft_ili9341_wrapper_2/n_2_13_BUFG_inst_n_3                                 |
| src0      | g6        | LUT2/O              | None       | SLICE_X22Y46    | X1Y0         |           1 |               0 |              20.000 | clk_fpga_0                   | minimal_i/tft_ili9341_wrapper_3/n_3_13_BUFG_inst_i_1/O                             | minimal_i/tft_ili9341_wrapper_3/n_3_13_BUFG_inst_n_4                                 |
| src1      | g1        | IBUF/O              | IOB_X0Y56  | IOB_X0Y56       | X1Y1         |           1 |               0 |              40.000 | ETH_MII_tx_clk               | minimal_i/ps/axi_ethernetlite_0/U0/NO_LOOPBACK_GEN.INCLUDE_BUFG_GEN.TX_IBUF_INST/O | minimal_i/ps/axi_ethernetlite_0/U0/o                                                 |
| src2      | g2        | IBUF/O              | IOB_X0Y76  | IOB_X0Y76       | X1Y1         |           1 |               0 |              40.000 | ETH_MII_rx_clk               | minimal_i/ps/axi_ethernetlite_0/U0/NO_LOOPBACK_GEN.INCLUDE_BUFG_GEN.RX_IBUF_INST/O | minimal_i/ps/axi_ethernetlite_0/U0/NO_LOOPBACK_GEN.INCLUDE_BUFG_GEN.RX_IBUF_INST_n_4 |
| src3      | g7        | MMCME2_ADV/CLKOUT0  | None       | MMCME2_ADV_X0Y0 | X1Y0         |           1 |               0 |             100.000 | clk_out1_minimal_clk_wiz_0_1 | minimal_i/clk_wiz_0/inst/mmcm_adv_inst/CLKOUT0                                     | minimal_i/clk_wiz_0/inst/clk_out1_minimal_clk_wiz_0_1                                |
| src4      | g8        | MMCME2_ADV/CLKFBOUT | None       | MMCME2_ADV_X0Y0 | X1Y0         |           1 |               0 |              20.000 | clkfbout_minimal_clk_wiz_0_1 | minimal_i/clk_wiz_0/inst/mmcm_adv_inst/CLKFBOUT                                    | minimal_i/clk_wiz_0/inst/clkfbout_minimal_clk_wiz_0_1                                |
+-----------+-----------+---------------------+------------+-----------------+--------------+-------------+-----------------+---------------------+------------------------------+------------------------------------------------------------------------------------+--------------------------------------------------------------------------------------+
* Clock Loads column represents cell count of net connects that connect to a clock pin. Internal cell leaf pins are not considered
** Non-Clock Loads column represents cell count of non-clock pin loads


4. Local Clock Details
----------------------

+----------+-----------------+------------+------------------+--------------+-------------+-----------------+--------------+-------+--------------------------------------------------------------------------------+--------------------------------------------------------------------------------+
| Local Id | Driver Type/Pin | Constraint | Site/BEL         | Clock Region | Clock Loads | Non-Clock Loads | Clock Period | Clock | Driver Pin                                                                     | Net                                                                            |
+----------+-----------------+------------+------------------+--------------+-------------+-----------------+--------------+-------+--------------------------------------------------------------------------------+--------------------------------------------------------------------------------+
| 0        | FDRE/Q          | None       | SLICE_X22Y11/AFF | X1Y0         |          19 |              40 |              |       | minimal_i/tft_ili9341_wrapper_0/inst/nolabel_line79/frameBufferLowNibble_reg/Q | minimal_i/tft_ili9341_wrapper_0/inst/nolabel_line79/frameBufferLowNibble_reg_0 |
| 1        | FDRE/Q          | None       | SLICE_X5Y17/AFF  | X0Y0         |          19 |              41 |              |       | minimal_i/tft_ili9341_wrapper_1/inst/nolabel_line79/frameBufferLowNibble_reg/Q | minimal_i/tft_ili9341_wrapper_1/inst/nolabel_line79/frameBufferLowNibble_reg_0 |
| 2        | FDRE/Q          | None       | SLICE_X15Y26/AFF | X0Y0         |          19 |              41 |              |       | minimal_i/tft_ili9341_wrapper_2/inst/nolabel_line79/frameBufferLowNibble_reg/Q | minimal_i/tft_ili9341_wrapper_2/inst/nolabel_line79/frameBufferLowNibble_reg_0 |
| 3        | FDRE/Q          | None       | SLICE_X17Y25/AFF | X0Y0         |          19 |              41 |              |       | minimal_i/tft_ili9341_wrapper_3/inst/nolabel_line79/frameBufferLowNibble_reg/Q | minimal_i/tft_ili9341_wrapper_3/inst/nolabel_line79/frameBufferLowNibble_reg_0 |
+----------+-----------------+------------+------------------+--------------+-------------+-----------------+--------------+-------+--------------------------------------------------------------------------------+--------------------------------------------------------------------------------+
* Local Clocks in this context represents only clocks driven by non-global buffers
** Clock Loads column represents cell count of net connects that connect to a clock pin. Internal cell leaf pins are not considered
*** Non-Clock Loads column represents cell count of non-clock pin loads


5. Clock Regions: Key Resource Utilization
------------------------------------------

+-------------------+--------------+--------------+--------------+--------------+--------------+--------------+--------------+--------------+--------------+--------------+--------------+--------------+--------------+--------------+--------------+
|                   | Global Clock |     BUFRs    |    BUFMRs    |    BUFIOs    |     MMCM     |      PLL     |      GT      |      PCI     |    ILOGIC    |    OLOGIC    |      FF      |     LUTM     |    RAMB18    |    RAMB36    |    DSP48E2   |
+-------------------+------+-------+------+-------+------+-------+------+-------+------+-------+------+-------+------+-------+------+-------+------+-------+------+-------+------+-------+------+-------+------+-------+------+-------+------+-------+
| Clock Region Name | Used | Avail | Used | Avail | Used | Avail | Used | Avail | Used | Avail | Used | Avail | Used | Avail | Used | Avail | Used | Avail | Used | Avail | Used | Avail | Used | Avail | Used | Avail | Used | Avail | Used | Avail |
+-------------------+------+-------+------+-------+------+-------+------+-------+------+-------+------+-------+------+-------+------+-------+------+-------+------+-------+------+-------+------+-------+------+-------+------+-------+------+-------+
| X0Y0              |    6 |    12 |    0 |     0 |    0 |     0 |    0 |     0 |    0 |     0 |    0 |     0 |    0 |     0 |    0 |     0 |    0 |     0 |    0 |     0 | 2237 |  1100 |  867 |   400 |    4 |    20 |    1 |    10 |    0 |    20 |
| X1Y0              |    5 |    12 |    0 |     4 |    0 |     2 |    0 |     4 |    1 |     1 |    0 |     1 |    0 |     0 |    0 |     0 |    0 |    50 |    0 |    50 |  173 |  1100 |   25 |   350 |    0 |    40 |    0 |    20 |    0 |    20 |
| X0Y1              |    2 |    12 |    0 |     0 |    0 |     0 |    0 |     0 |    0 |     0 |    0 |     0 |    0 |     0 |    0 |     0 |    0 |     0 |    0 |     0 |  539 |  1100 |  213 |   400 |    0 |    20 |    0 |    10 |    0 |    20 |
| X1Y1              |    3 |    12 |    0 |     4 |    0 |     2 |    0 |     4 |    0 |     1 |    0 |     1 |    0 |     0 |    0 |     0 |    0 |    50 |    0 |    50 |  162 |  1100 |   57 |   350 |    0 |    40 |    0 |    20 |    0 |    20 |
+-------------------+------+-------+------+-------+------+-------+------+-------+------+-------+------+-------+------+-------+------+-------+------+-------+------+-------+------+-------+------+-------+------+-------+------+-------+------+-------+
* Global Clock column represents track count; while other columns represents cell counts


6. Clock Regions : Global Clock Summary
---------------------------------------

All Modules
+----+----+----+
|    | X0 | X1 |
+----+----+----+
| Y1 |  0 |  0 |
| Y0 |  0 |  0 |
+----+----+----+


7. Device Cell Placement Summary for Global Clock g0
----------------------------------------------------

+-----------+-----------------+-------------------+------------+-------------+----------------+-------------+----------+----------------+----------+--------------------------------------------------+
| Global Id | Driver Type/Pin | Driver Region (D) | Clock      | Period (ns) | Waveform (ns)  | Slice Loads | IO Loads | Clocking Loads | GT Loads | Net                                              |
+-----------+-----------------+-------------------+------------+-------------+----------------+-------------+----------+----------------+----------+--------------------------------------------------+
| g0        | BUFG/O          | n/a               | clk_fpga_0 |      20.000 | {0.000 10.000} |        2658 |        0 |              1 |        0 | minimal_i/ps/processing_system7_0/inst/FCLK_CLK0 |
+-----------+-----------------+-------------------+------------+-------------+----------------+-------------+----------+----------------+----------+--------------------------------------------------+
* Slice Loads column represents load cell count of all cell types other than IO, GT and clock resources
** IO Loads column represents load cell count of IO types
*** Clocking Loads column represents load cell count that are clock resources (global clock buffer, MMCM, PLL, etc)
**** GT Loads column represents load cell count of GT types


+----+-------+------+-----------------------+
|    | X0    | X1   | HORIZONTAL PROG DELAY |
+----+-------+------+-----------------------+
| Y1 |   464 |   55 |                     0 |
| Y0 |  2021 |  119 |                     0 |
+----+-------+------+-----------------------+


8. Device Cell Placement Summary for Global Clock g1
----------------------------------------------------

+-----------+-----------------+-------------------+----------------+-------------+----------------+-------------+----------+----------------+----------+----------------------------------------------------+
| Global Id | Driver Type/Pin | Driver Region (D) | Clock          | Period (ns) | Waveform (ns)  | Slice Loads | IO Loads | Clocking Loads | GT Loads | Net                                                |
+-----------+-----------------+-------------------+----------------+-------------+----------------+-------------+----------+----------------+----------+----------------------------------------------------+
| g1        | BUFG/O          | n/a               | ETH_MII_tx_clk |      40.000 | {0.000 20.000} |          96 |        0 |              0 |        0 | minimal_i/ps/axi_ethernetlite_0/U0/phy_tx_clk_core |
+-----------+-----------------+-------------------+----------------+-------------+----------------+-------------+----------+----------------+----------+----------------------------------------------------+
* Slice Loads column represents load cell count of all cell types other than IO, GT and clock resources
** IO Loads column represents load cell count of IO types
*** Clocking Loads column represents load cell count that are clock resources (global clock buffer, MMCM, PLL, etc)
**** GT Loads column represents load cell count of GT types


+----+-----+-----+-----------------------+
|    | X0  | X1  | HORIZONTAL PROG DELAY |
+----+-----+-----+-----------------------+
| Y1 |  78 |  18 |                     0 |
| Y0 |   0 |   0 |                     - |
+----+-----+-----+-----------------------+


9. Device Cell Placement Summary for Global Clock g2
----------------------------------------------------

+-----------+-----------------+-------------------+----------------+-------------+----------------+-------------+----------+----------------+----------+---------------------------------------------+
| Global Id | Driver Type/Pin | Driver Region (D) | Clock          | Period (ns) | Waveform (ns)  | Slice Loads | IO Loads | Clocking Loads | GT Loads | Net                                         |
+-----------+-----------------+-------------------+----------------+-------------+----------------+-------------+----------+----------------+----------+---------------------------------------------+
| g2        | BUFG/O          | n/a               | ETH_MII_rx_clk |      40.000 | {0.000 20.000} |          89 |        0 |              0 |        0 | minimal_i/ps/axi_ethernetlite_0/U0/dest_clk |
+-----------+-----------------+-------------------+----------------+-------------+----------------+-------------+----------+----------------+----------+---------------------------------------------+
* Slice Loads column represents load cell count of all cell types other than IO, GT and clock resources
** IO Loads column represents load cell count of IO types
*** Clocking Loads column represents load cell count that are clock resources (global clock buffer, MMCM, PLL, etc)
**** GT Loads column represents load cell count of GT types


+----+----+-----+-----------------------+
|    | X0 | X1  | HORIZONTAL PROG DELAY |
+----+----+-----+-----------------------+
| Y1 |  0 |  89 |                     0 |
| Y0 |  0 |   0 |                     - |
+----+----+-----+-----------------------+


10. Device Cell Placement Summary for Global Clock g3
-----------------------------------------------------

+-----------+-----------------+-------------------+------------+-------------+----------------+-------------+----------+----------------+----------+---------------------------------------------+
| Global Id | Driver Type/Pin | Driver Region (D) | Clock      | Period (ns) | Waveform (ns)  | Slice Loads | IO Loads | Clocking Loads | GT Loads | Net                                         |
+-----------+-----------------+-------------------+------------+-------------+----------------+-------------+----------+----------------+----------+---------------------------------------------+
| g3        | BUFG/O          | n/a               | clk_fpga_0 |      20.000 | {0.000 10.000} |          62 |        0 |              0 |        0 | minimal_i/tft_ili9341_wrapper_0/n_0_13_BUFG |
+-----------+-----------------+-------------------+------------+-------------+----------------+-------------+----------+----------------+----------+---------------------------------------------+
* Slice Loads column represents load cell count of all cell types other than IO, GT and clock resources
** IO Loads column represents load cell count of IO types
*** Clocking Loads column represents load cell count that are clock resources (global clock buffer, MMCM, PLL, etc)
**** GT Loads column represents load cell count of GT types


+----+-----+-----+-----------------------+
|    | X0  | X1  | HORIZONTAL PROG DELAY |
+----+-----+-----+-----------------------+
| Y1 |   0 |   0 |                     - |
| Y0 |  19 |  43 |                     0 |
+----+-----+-----+-----------------------+


11. Device Cell Placement Summary for Global Clock g4
-----------------------------------------------------

+-----------+-----------------+-------------------+------------+-------------+----------------+-------------+----------+----------------+----------+---------------------------------------------+
| Global Id | Driver Type/Pin | Driver Region (D) | Clock      | Period (ns) | Waveform (ns)  | Slice Loads | IO Loads | Clocking Loads | GT Loads | Net                                         |
+-----------+-----------------+-------------------+------------+-------------+----------------+-------------+----------+----------------+----------+---------------------------------------------+
| g4        | BUFG/O          | n/a               | clk_fpga_0 |      20.000 | {0.000 10.000} |          62 |        0 |              0 |        0 | minimal_i/tft_ili9341_wrapper_1/n_1_13_BUFG |
+-----------+-----------------+-------------------+------------+-------------+----------------+-------------+----------+----------------+----------+---------------------------------------------+
* Slice Loads column represents load cell count of all cell types other than IO, GT and clock resources
** IO Loads column represents load cell count of IO types
*** Clocking Loads column represents load cell count that are clock resources (global clock buffer, MMCM, PLL, etc)
**** GT Loads column represents load cell count of GT types


+----+-----+----+-----------------------+
|    | X0  | X1 | HORIZONTAL PROG DELAY |
+----+-----+----+-----------------------+
| Y1 |   0 |  0 |                     - |
| Y0 |  62 |  0 |                     0 |
+----+-----+----+-----------------------+


12. Device Cell Placement Summary for Global Clock g5
-----------------------------------------------------

+-----------+-----------------+-------------------+------------+-------------+----------------+-------------+----------+----------------+----------+---------------------------------------------+
| Global Id | Driver Type/Pin | Driver Region (D) | Clock      | Period (ns) | Waveform (ns)  | Slice Loads | IO Loads | Clocking Loads | GT Loads | Net                                         |
+-----------+-----------------+-------------------+------------+-------------+----------------+-------------+----------+----------------+----------+---------------------------------------------+
| g5        | BUFG/O          | n/a               | clk_fpga_0 |      20.000 | {0.000 10.000} |          62 |        0 |              0 |        0 | minimal_i/tft_ili9341_wrapper_2/n_2_13_BUFG |
+-----------+-----------------+-------------------+------------+-------------+----------------+-------------+----------+----------------+----------+---------------------------------------------+
* Slice Loads column represents load cell count of all cell types other than IO, GT and clock resources
** IO Loads column represents load cell count of IO types
*** Clocking Loads column represents load cell count that are clock resources (global clock buffer, MMCM, PLL, etc)
**** GT Loads column represents load cell count of GT types


+----+-----+----+-----------------------+
|    | X0  | X1 | HORIZONTAL PROG DELAY |
+----+-----+----+-----------------------+
| Y1 |   0 |  0 |                     - |
| Y0 |  62 |  0 |                     0 |
+----+-----+----+-----------------------+


13. Device Cell Placement Summary for Global Clock g6
-----------------------------------------------------

+-----------+-----------------+-------------------+------------+-------------+----------------+-------------+----------+----------------+----------+---------------------------------------------+
| Global Id | Driver Type/Pin | Driver Region (D) | Clock      | Period (ns) | Waveform (ns)  | Slice Loads | IO Loads | Clocking Loads | GT Loads | Net                                         |
+-----------+-----------------+-------------------+------------+-------------+----------------+-------------+----------+----------------+----------+---------------------------------------------+
| g6        | BUFG/O          | n/a               | clk_fpga_0 |      20.000 | {0.000 10.000} |          62 |        0 |              0 |        0 | minimal_i/tft_ili9341_wrapper_3/n_3_13_BUFG |
+-----------+-----------------+-------------------+------------+-------------+----------------+-------------+----------+----------------+----------+---------------------------------------------+
* Slice Loads column represents load cell count of all cell types other than IO, GT and clock resources
** IO Loads column represents load cell count of IO types
*** Clocking Loads column represents load cell count that are clock resources (global clock buffer, MMCM, PLL, etc)
**** GT Loads column represents load cell count of GT types


+----+-----+-----+-----------------------+
|    | X0  | X1  | HORIZONTAL PROG DELAY |
+----+-----+-----+-----------------------+
| Y1 |   0 |   0 |                     - |
| Y0 |  46 |  16 |                     0 |
+----+-----+-----+-----------------------+


14. Device Cell Placement Summary for Global Clock g7
-----------------------------------------------------

+-----------+-----------------+-------------------+------------------------------+-------------+----------------+-------------+----------+----------------+----------+-----------------------------------+
| Global Id | Driver Type/Pin | Driver Region (D) | Clock                        | Period (ns) | Waveform (ns)  | Slice Loads | IO Loads | Clocking Loads | GT Loads | Net                               |
+-----------+-----------------+-------------------+------------------------------+-------------+----------------+-------------+----------+----------------+----------+-----------------------------------+
| g7        | BUFG/O          | n/a               | clk_out1_minimal_clk_wiz_0_1 |     100.000 | {0.000 50.000} |          19 |        0 |              0 |        0 | minimal_i/clk_wiz_0/inst/clk_out1 |
+-----------+-----------------+-------------------+------------------------------+-------------+----------------+-------------+----------+----------------+----------+-----------------------------------+
* Slice Loads column represents load cell count of all cell types other than IO, GT and clock resources
** IO Loads column represents load cell count of IO types
*** Clocking Loads column represents load cell count that are clock resources (global clock buffer, MMCM, PLL, etc)
**** GT Loads column represents load cell count of GT types


+----+-----+----+-----------------------+
|    | X0  | X1 | HORIZONTAL PROG DELAY |
+----+-----+----+-----------------------+
| Y1 |   0 |  0 |                     - |
| Y0 |  17 |  2 |                     0 |
+----+-----+----+-----------------------+


15. Device Cell Placement Summary for Global Clock g8
-----------------------------------------------------

+-----------+-----------------+-------------------+------------------------------+-------------+----------------+-------------+----------+----------------+----------+-----------------------------------------------------------+
| Global Id | Driver Type/Pin | Driver Region (D) | Clock                        | Period (ns) | Waveform (ns)  | Slice Loads | IO Loads | Clocking Loads | GT Loads | Net                                                       |
+-----------+-----------------+-------------------+------------------------------+-------------+----------------+-------------+----------+----------------+----------+-----------------------------------------------------------+
| g8        | BUFG/O          | n/a               | clkfbout_minimal_clk_wiz_0_1 |      20.000 | {0.000 10.000} |           0 |        0 |              1 |        0 | minimal_i/clk_wiz_0/inst/clkfbout_buf_minimal_clk_wiz_0_1 |
+-----------+-----------------+-------------------+------------------------------+-------------+----------------+-------------+----------+----------------+----------+-----------------------------------------------------------+
* Slice Loads column represents load cell count of all cell types other than IO, GT and clock resources
** IO Loads column represents load cell count of IO types
*** Clocking Loads column represents load cell count that are clock resources (global clock buffer, MMCM, PLL, etc)
**** GT Loads column represents load cell count of GT types


+----+----+----+-----------------------+
|    | X0 | X1 | HORIZONTAL PROG DELAY |
+----+----+----+-----------------------+
| Y1 |  0 |  0 |                     - |
| Y0 |  0 |  1 |                     0 |
+----+----+----+-----------------------+


16. Clock Region Cell Placement per Global Clock: Region X0Y0
-------------------------------------------------------------

+-----------+-------+-----------------+------------+-------------+-----------------+------+-------------+------+-----+----+------+-----+---------+--------------------------------------------------+
| Global Id | Track | Driver Type/Pin | Constraint | Clock Loads | Non-Clock Loads | FF   | Memory LUTs | RAMB | DSP | GT | MMCM | PLL | Hard IP | Net                                              |
+-----------+-------+-----------------+------------+-------------+-----------------+------+-------------+------+-----+----+------+-----+---------+--------------------------------------------------+
| g0        | n/a   | BUFG/O          | None       |        2021 |               0 | 1955 |          57 |    5 |   0 |  0 |    0 |   0 |       0 | minimal_i/ps/processing_system7_0/inst/FCLK_CLK0 |
| g3        | n/a   | BUFG/O          | None       |          19 |               0 |   19 |           0 |    0 |   0 |  0 |    0 |   0 |       0 | minimal_i/tft_ili9341_wrapper_0/n_0_13_BUFG      |
| g4        | n/a   | BUFG/O          | None       |          62 |               0 |   62 |           0 |    0 |   0 |  0 |    0 |   0 |       0 | minimal_i/tft_ili9341_wrapper_1/n_1_13_BUFG      |
| g5        | n/a   | BUFG/O          | None       |          62 |               0 |   62 |           0 |    0 |   0 |  0 |    0 |   0 |       0 | minimal_i/tft_ili9341_wrapper_2/n_2_13_BUFG      |
| g6        | n/a   | BUFG/O          | None       |          46 |               0 |   46 |           0 |    0 |   0 |  0 |    0 |   0 |       0 | minimal_i/tft_ili9341_wrapper_3/n_3_13_BUFG      |
| g7        | n/a   | BUFG/O          | None       |          17 |               0 |   17 |           0 |    0 |   0 |  0 |    0 |   0 |       0 | minimal_i/clk_wiz_0/inst/clk_out1                |
+-----------+-------+-----------------+------------+-------------+-----------------+------+-------------+------+-----+----+------+-----+---------+--------------------------------------------------+
* Clock Loads column represents cell count of net connects that connect to a clock pin. Internal cell leaf pins are not considered
** Non-Clock Loads column represents cell count of non-clock pin loads
*** Columns FF, LUTRAM, RAMB through 'Hard IP' represents load cell counts


17. Clock Region Cell Placement per Global Clock: Region X1Y0
-------------------------------------------------------------

+-----------+-------+-----------------+------------+-------------+-----------------+-----+-------------+------+-----+----+------+-----+---------+-----------------------------------------------------------+
| Global Id | Track | Driver Type/Pin | Constraint | Clock Loads | Non-Clock Loads | FF  | Memory LUTs | RAMB | DSP | GT | MMCM | PLL | Hard IP | Net                                                       |
+-----------+-------+-----------------+------------+-------------+-----------------+-----+-------------+------+-----+----+------+-----+---------+-----------------------------------------------------------+
| g0        | n/a   | BUFG/O          | None       |         115 |               4 | 113 |           1 |    0 |   0 |  0 |    1 |   0 |       0 | minimal_i/ps/processing_system7_0/inst/FCLK_CLK0          |
| g3        | n/a   | BUFG/O          | None       |          43 |               0 |  43 |           0 |    0 |   0 |  0 |    0 |   0 |       0 | minimal_i/tft_ili9341_wrapper_0/n_0_13_BUFG               |
| g6        | n/a   | BUFG/O          | None       |          16 |               0 |  16 |           0 |    0 |   0 |  0 |    0 |   0 |       0 | minimal_i/tft_ili9341_wrapper_3/n_3_13_BUFG               |
| g7        | n/a   | BUFG/O          | None       |           1 |               1 |   1 |           0 |    0 |   0 |  0 |    0 |   0 |       0 | minimal_i/clk_wiz_0/inst/clk_out1                         |
| g8        | n/a   | BUFG/O          | None       |           1 |               0 |   0 |           0 |    0 |   0 |  0 |    1 |   0 |       0 | minimal_i/clk_wiz_0/inst/clkfbout_buf_minimal_clk_wiz_0_1 |
+-----------+-------+-----------------+------------+-------------+-----------------+-----+-------------+------+-----+----+------+-----+---------+-----------------------------------------------------------+
* Clock Loads column represents cell count of net connects that connect to a clock pin. Internal cell leaf pins are not considered
** Non-Clock Loads column represents cell count of non-clock pin loads
*** Columns FF, LUTRAM, RAMB through 'Hard IP' represents load cell counts


18. Clock Region Cell Placement per Global Clock: Region X0Y1
-------------------------------------------------------------

+-----------+-------+-----------------+------------+-------------+-----------------+-----+-------------+------+-----+----+------+-----+---------+----------------------------------------------------+
| Global Id | Track | Driver Type/Pin | Constraint | Clock Loads | Non-Clock Loads | FF  | Memory LUTs | RAMB | DSP | GT | MMCM | PLL | Hard IP | Net                                                |
+-----------+-------+-----------------+------------+-------------+-----------------+-----+-------------+------+-----+----+------+-----+---------+----------------------------------------------------+
| g0        | n/a   | BUFG/O          | None       |         464 |               0 | 462 |           1 |    0 |   0 |  0 |    0 |   0 |       0 | minimal_i/ps/processing_system7_0/inst/FCLK_CLK0   |
| g1        | n/a   | BUFG/O          | None       |          77 |               1 |  78 |           0 |    0 |   0 |  0 |    0 |   0 |       0 | minimal_i/ps/axi_ethernetlite_0/U0/phy_tx_clk_core |
+-----------+-------+-----------------+------------+-------------+-----------------+-----+-------------+------+-----+----+------+-----+---------+----------------------------------------------------+
* Clock Loads column represents cell count of net connects that connect to a clock pin. Internal cell leaf pins are not considered
** Non-Clock Loads column represents cell count of non-clock pin loads
*** Columns FF, LUTRAM, RAMB through 'Hard IP' represents load cell counts


19. Clock Region Cell Placement per Global Clock: Region X1Y1
-------------------------------------------------------------

+-----------+-------+-----------------+------------+-------------+-----------------+----+-------------+------+-----+----+------+-----+---------+----------------------------------------------------+
| Global Id | Track | Driver Type/Pin | Constraint | Clock Loads | Non-Clock Loads | FF | Memory LUTs | RAMB | DSP | GT | MMCM | PLL | Hard IP | Net                                                |
+-----------+-------+-----------------+------------+-------------+-----------------+----+-------------+------+-----+----+------+-----+---------+----------------------------------------------------+
| g0        | n/a   | BUFG/O          | None       |          55 |               0 | 55 |           0 |    0 |   0 |  0 |    0 |   0 |       0 | minimal_i/ps/processing_system7_0/inst/FCLK_CLK0   |
| g1        | n/a   | BUFG/O          | None       |          18 |               0 | 18 |           0 |    0 |   0 |  0 |    0 |   0 |       0 | minimal_i/ps/axi_ethernetlite_0/U0/phy_tx_clk_core |
| g2        | n/a   | BUFG/O          | None       |          89 |               0 | 89 |           0 |    0 |   0 |  0 |    0 |   0 |       0 | minimal_i/ps/axi_ethernetlite_0/U0/dest_clk        |
+-----------+-------+-----------------+------------+-------------+-----------------+----+-------------+------+-----+----+------+-----+---------+----------------------------------------------------+
* Clock Loads column represents cell count of net connects that connect to a clock pin. Internal cell leaf pins are not considered
** Non-Clock Loads column represents cell count of non-clock pin loads
*** Columns FF, LUTRAM, RAMB through 'Hard IP' represents load cell counts



# Location of BUFG Primitives 
set_property LOC BUFGCTRL_X0Y5 [get_cells minimal_i/tft_ili9341_wrapper_3/n_3_13_BUFG_inst]
set_property LOC BUFGCTRL_X0Y4 [get_cells minimal_i/tft_ili9341_wrapper_2/n_2_13_BUFG_inst]
set_property LOC BUFGCTRL_X0Y3 [get_cells minimal_i/tft_ili9341_wrapper_1/n_1_13_BUFG_inst]
set_property LOC BUFGCTRL_X0Y2 [get_cells minimal_i/tft_ili9341_wrapper_0/n_0_13_BUFG_inst]
set_property LOC BUFGCTRL_X0Y0 [get_cells minimal_i/ps/processing_system7_0/inst/buffer_fclk_clk_0.FCLK_CLK_0_BUFG]
set_property LOC BUFGCTRL_X0Y1 [get_cells minimal_i/ps/axi_ethernetlite_0/U0/NO_LOOPBACK_GEN.INCLUDE_BUFG_GEN.CLOCK_BUFG_TX]
set_property LOC BUFGCTRL_X0Y16 [get_cells minimal_i/ps/axi_ethernetlite_0/U0/NO_LOOPBACK_GEN.INCLUDE_BUFG_GEN.CLOCK_BUFG_RX]
set_property LOC BUFGCTRL_X0Y7 [get_cells minimal_i/clk_wiz_0/inst/clkf_buf]
set_property LOC BUFGCTRL_X0Y6 [get_cells minimal_i/clk_wiz_0/inst/clkout1_buf]

# Location of IO Primitives which is load of clock spine

# Location of clock ports
set_property LOC IOB_X0Y76 [get_ports ETH_MII_rx_clk]
set_property LOC IOB_X0Y56 [get_ports ETH_MII_tx_clk]

# Clock net "minimal_i/tft_ili9341_wrapper_3/n_3_13_BUFG" driven by instance "minimal_i/tft_ili9341_wrapper_3/n_3_13_BUFG_inst" located at site "BUFGCTRL_X0Y5"
#startgroup
create_pblock {CLKAG_minimal_i/tft_ili9341_wrapper_3/n_3_13_BUFG}
add_cells_to_pblock [get_pblocks  {CLKAG_minimal_i/tft_ili9341_wrapper_3/n_3_13_BUFG}] [get_cells -filter { PRIMITIVE_GROUP != I/O && IS_PRIMITIVE==1 && PRIMITIVE_LEVEL !=INTERNAL } -of_object [get_pins -filter {DIRECTION==IN} -of_objects [get_nets -hierarchical -filter {PARENT=="minimal_i/tft_ili9341_wrapper_3/n_3_13_BUFG"}]]]
resize_pblock [get_pblocks {CLKAG_minimal_i/tft_ili9341_wrapper_3/n_3_13_BUFG}] -add {CLOCKREGION_X0Y0:CLOCKREGION_X0Y0 CLOCKREGION_X1Y0:CLOCKREGION_X1Y0}
#endgroup

# Clock net "minimal_i/tft_ili9341_wrapper_2/n_2_13_BUFG" driven by instance "minimal_i/tft_ili9341_wrapper_2/n_2_13_BUFG_inst" located at site "BUFGCTRL_X0Y4"
#startgroup
create_pblock {CLKAG_minimal_i/tft_ili9341_wrapper_2/n_2_13_BUFG}
add_cells_to_pblock [get_pblocks  {CLKAG_minimal_i/tft_ili9341_wrapper_2/n_2_13_BUFG}] [get_cells -filter { PRIMITIVE_GROUP != I/O && IS_PRIMITIVE==1 && PRIMITIVE_LEVEL !=INTERNAL } -of_object [get_pins -filter {DIRECTION==IN} -of_objects [get_nets -hierarchical -filter {PARENT=="minimal_i/tft_ili9341_wrapper_2/n_2_13_BUFG"}]]]
resize_pblock [get_pblocks {CLKAG_minimal_i/tft_ili9341_wrapper_2/n_2_13_BUFG}] -add {CLOCKREGION_X0Y0:CLOCKREGION_X0Y0}
#endgroup

# Clock net "minimal_i/tft_ili9341_wrapper_1/n_1_13_BUFG" driven by instance "minimal_i/tft_ili9341_wrapper_1/n_1_13_BUFG_inst" located at site "BUFGCTRL_X0Y3"
#startgroup
create_pblock {CLKAG_minimal_i/tft_ili9341_wrapper_1/n_1_13_BUFG}
add_cells_to_pblock [get_pblocks  {CLKAG_minimal_i/tft_ili9341_wrapper_1/n_1_13_BUFG}] [get_cells -filter { PRIMITIVE_GROUP != I/O && IS_PRIMITIVE==1 && PRIMITIVE_LEVEL !=INTERNAL } -of_object [get_pins -filter {DIRECTION==IN} -of_objects [get_nets -hierarchical -filter {PARENT=="minimal_i/tft_ili9341_wrapper_1/n_1_13_BUFG"}]]]
resize_pblock [get_pblocks {CLKAG_minimal_i/tft_ili9341_wrapper_1/n_1_13_BUFG}] -add {CLOCKREGION_X0Y0:CLOCKREGION_X0Y0}
#endgroup

# Clock net "minimal_i/tft_ili9341_wrapper_0/n_0_13_BUFG" driven by instance "minimal_i/tft_ili9341_wrapper_0/n_0_13_BUFG_inst" located at site "BUFGCTRL_X0Y2"
#startgroup
create_pblock {CLKAG_minimal_i/tft_ili9341_wrapper_0/n_0_13_BUFG}
add_cells_to_pblock [get_pblocks  {CLKAG_minimal_i/tft_ili9341_wrapper_0/n_0_13_BUFG}] [get_cells -filter { PRIMITIVE_GROUP != I/O && IS_PRIMITIVE==1 && PRIMITIVE_LEVEL !=INTERNAL } -of_object [get_pins -filter {DIRECTION==IN} -of_objects [get_nets -hierarchical -filter {PARENT=="minimal_i/tft_ili9341_wrapper_0/n_0_13_BUFG"}]]]
resize_pblock [get_pblocks {CLKAG_minimal_i/tft_ili9341_wrapper_0/n_0_13_BUFG}] -add {CLOCKREGION_X0Y0:CLOCKREGION_X0Y0 CLOCKREGION_X1Y0:CLOCKREGION_X1Y0}
#endgroup

# Clock net "minimal_i/ps/processing_system7_0/inst/FCLK_CLK0" driven by instance "minimal_i/ps/processing_system7_0/inst/buffer_fclk_clk_0.FCLK_CLK_0_BUFG" located at site "BUFGCTRL_X0Y0"
#startgroup
create_pblock {CLKAG_minimal_i/ps/processing_system7_0/inst/FCLK_CLK0}
add_cells_to_pblock [get_pblocks  {CLKAG_minimal_i/ps/processing_system7_0/inst/FCLK_CLK0}] [get_cells -filter { PRIMITIVE_GROUP != I/O && IS_PRIMITIVE==1 && PRIMITIVE_LEVEL !=INTERNAL && NAME!=minimal_i/clk_wiz_0/inst/mmcm_adv_inst} -of_object [get_pins -filter {DIRECTION==IN} -of_objects [get_nets -hierarchical -filter {PARENT=="minimal_i/ps/processing_system7_0/inst/FCLK_CLK0"}]]]
resize_pblock [get_pblocks {CLKAG_minimal_i/ps/processing_system7_0/inst/FCLK_CLK0}] -add {CLOCKREGION_X0Y0:CLOCKREGION_X0Y0 CLOCKREGION_X0Y1:CLOCKREGION_X0Y1 CLOCKREGION_X1Y0:CLOCKREGION_X1Y0 CLOCKREGION_X1Y1:CLOCKREGION_X1Y1}
#endgroup

# Clock net "minimal_i/ps/axi_ethernetlite_0/U0/phy_tx_clk_core" driven by instance "minimal_i/ps/axi_ethernetlite_0/U0/NO_LOOPBACK_GEN.INCLUDE_BUFG_GEN.CLOCK_BUFG_TX" located at site "BUFGCTRL_X0Y1"
#startgroup
create_pblock {CLKAG_minimal_i/ps/axi_ethernetlite_0/U0/phy_tx_clk_core}
add_cells_to_pblock [get_pblocks  {CLKAG_minimal_i/ps/axi_ethernetlite_0/U0/phy_tx_clk_core}] [get_cells -filter { PRIMITIVE_GROUP != I/O && IS_PRIMITIVE==1 && PRIMITIVE_LEVEL !=INTERNAL } -of_object [get_pins -filter {DIRECTION==IN} -of_objects [get_nets -hierarchical -filter {PARENT=="minimal_i/ps/axi_ethernetlite_0/U0/phy_tx_clk_core"}]]]
resize_pblock [get_pblocks {CLKAG_minimal_i/ps/axi_ethernetlite_0/U0/phy_tx_clk_core}] -add {CLOCKREGION_X0Y1:CLOCKREGION_X0Y1 CLOCKREGION_X1Y1:CLOCKREGION_X1Y1}
#endgroup

# Clock net "minimal_i/ps/axi_ethernetlite_0/U0/dest_clk" driven by instance "minimal_i/ps/axi_ethernetlite_0/U0/NO_LOOPBACK_GEN.INCLUDE_BUFG_GEN.CLOCK_BUFG_RX" located at site "BUFGCTRL_X0Y16"
#startgroup
create_pblock {CLKAG_minimal_i/ps/axi_ethernetlite_0/U0/dest_clk}
add_cells_to_pblock [get_pblocks  {CLKAG_minimal_i/ps/axi_ethernetlite_0/U0/dest_clk}] [get_cells -filter { PRIMITIVE_GROUP != I/O && IS_PRIMITIVE==1 && PRIMITIVE_LEVEL !=INTERNAL } -of_object [get_pins -filter {DIRECTION==IN} -of_objects [get_nets -hierarchical -filter {PARENT=="minimal_i/ps/axi_ethernetlite_0/U0/dest_clk"}]]]
resize_pblock [get_pblocks {CLKAG_minimal_i/ps/axi_ethernetlite_0/U0/dest_clk}] -add {CLOCKREGION_X1Y1:CLOCKREGION_X1Y1}
#endgroup

# Clock net "minimal_i/clk_wiz_0/inst/clk_out1" driven by instance "minimal_i/clk_wiz_0/inst/clkout1_buf" located at site "BUFGCTRL_X0Y6"
#startgroup
create_pblock {CLKAG_minimal_i/clk_wiz_0/inst/clk_out1}
add_cells_to_pblock [get_pblocks  {CLKAG_minimal_i/clk_wiz_0/inst/clk_out1}] [get_cells -filter { PRIMITIVE_GROUP != I/O && IS_PRIMITIVE==1 && PRIMITIVE_LEVEL !=INTERNAL } -of_object [get_pins -filter {DIRECTION==IN} -of_objects [get_nets -hierarchical -filter {PARENT=="minimal_i/clk_wiz_0/inst/clk_out1"}]]]
resize_pblock [get_pblocks {CLKAG_minimal_i/clk_wiz_0/inst/clk_out1}] -add {CLOCKREGION_X0Y0:CLOCKREGION_X0Y0 CLOCKREGION_X1Y0:CLOCKREGION_X1Y0}
#endgroup
